-------------------------------------------------------------------------------
Test set: com.makotojava.learn.hellojunit5.solution.JUnit5AppTest
-------------------------------------------------------------------------------
Tests run: 1, Failures: 0, Errors: 1, Skipped: 0, Time elapsed: 0.113 s <<< FAILURE! - in com.makotojava.learn.hellojunit5.solution.JUnit5AppTest
Testing using JUnit 5  Time elapsed: 0.107 s  <<< ERROR!
java.lang.NoClassDefFoundError: App
Caused by: java.lang.ClassNotFoundException: App

