<?xml version="1.0" encoding="UTF-8"?>
<testsuite xmlns:xsi="http://www.w3.org/2001/XMLSchema-instance" xsi:noNamespaceSchemaLocation="https://maven.apache.org/surefire/maven-surefire-plugin/xsd/surefire-test-report-3.0.xsd" version="3.0" name="com.makotojava.learn.hellojunit5.JUnit5AppTest" time="0.151" tests="9" errors="0" skipped="1" failures="0">
  <properties>
[...]
</properties>
  <testcase name="Adding operands test" classname="JUnit 5 tests" time="0.008">
    <system-err><![CDATA[SLF4J: Failed to load class "org.slf4j.impl.StaticLoggerBinder".
SLF4J: Defaulting to no-operation (NOP) logger implementation
SLF4J: See http://www.slf4j.org/codes.html#StaticLoggerBinder for further details.
]]></system-err>
  </testcase>
  <testcase name="Empty array test" classname="No operands tests" time="0.001"/>
  <testcase name="Null array test" classname="No operands tests" time="0.001"/>
  <testcase name="Adding positive numbers with one operand test" classname="Single operand tests" time="0.001"/>
  <testcase name="Adding negative numbers with one operand test" classname="Single operand tests" time="0"/>
  <testcase name="Adding positive and negative operands test" classname="Positive and negative numbers test" time="0.001"/>
  <testcase name="Test adding on Friday" classname="Positive and negative numbers test" time="0">
    <skipped message="Assumption failed: Today is not Friday"/>
  </testcase>
  <testcase name="Test adding on Friday with lambda" classname="Positive and negative numbers test" time="0.001"/>
  <testcase name="Adding negative operands test" classname="Negative number tests" time="0"/>
</testsuite>